1600180984535	mozrunner::runner	INFO	Running command: "C:\\Program Files\\Mozilla Firefox\\firefox.exe" "-marionette" "-foreground" "-no-remote" "-profile" "C:\\Users\\Ryan\\AppData\\Local\\Temp\\rust_mozprofileIeIhHR"
JavaScript error: resource://gre/modules/XULStore.jsm, line 66: Error: Can't find profile directory.
console.error: SearchCache: "_readCacheFile: Error reading cache file:" (new Error("", "(unknown module)"))
1600180986020	Marionette	INFO	Listening on port 60173
1600180986069	Marionette	WARN	TLS certificate errors will be ignored for this session
[Parent 3116, Gecko_IOThread] WARNING: file /builds/worker/checkouts/gecko/ipc/chromium/src/base/process_util_win.cc, line 166
1600187121622	Marionette	INFO	Stopped listening on port 60173

###!!! [Child][RunMessage] Error: Channel closing: too late to send/recv, messages will be lost


###!!! [Child][MessageChannel::SendAndWait] Error: Channel error: cannot send/recv

cache file:" (new Error("", "(unknown module)"))
1600181217256	Marionette	INFO	Listening on port 60439
1600181217349	Marionette	WARN	TLS certificate errors will be ignored for this session
1600181245344	Marionette	INFO	Stopped listening on port 60439

###!!! [Child][RunMessage] Error: Channel closing: too late to send/recv, messages will be lost


###!!! [Child][MessageChannel::SendAndWait] Error: Channel error: cannot send/recv

1600181259947	mozrunner::runner	INFO	Running command: "C:\\Program Files\\Mozilla Firefox\\firefox.exe" "-marionette" "-foreground" "-no-remote" "-profile" "C:\\Users\\Ryan\\AppData\\Local\\Temp\\rust_mozprofileQgwIDN"
JavaScript error: resource://gre/modules/XULStore.jsm, line 66: Error: Can't find profile directory.
console.error: SearchCache: "_readCacheFile: Error reading cache file:" (new Error("", "(unknown module)"))
1600181261366	Marionette	INFO	Listening on port 60657
1600181261475	Marionette	WARN	TLS certificate errors will be ignored for this session
1600181273875	Marionette	INFO	Stopped listening on port 60657

###!!! [Child][RunMessage] Error: Channel closing: too late to send/recv, messages will be lost


###!!! [Child][MessageChannel::SendAndWait] Error: Channel error: cannot send/recv

1600181314554	mozrunner::runner	INFO	Running command: "C:\\Program Files\\Mozilla Firefox\\firefox.exe" "-marionette" "-foreground" "-no-remote" "-profile" "C:\\Users\\Ryan\\AppData\\Local\\Temp\\rust_mozprofileu2BWNy"
JavaScript error: resource://gre/modules/XULStore.jsm, line 66: Error: Can't find profile directory.
console.error: SearchCache: "_readCacheFile: Error reading cache file:" (new Error("", "(unknown module)"))
1600181316023	Marionette	INFO	Listening on port 60860
1600181316086	Marionette	WARN	TLS certificate errors will be ignored for this session
1600181332142	Marionette	INFO	Stopped listening on port 60860

###!!! [Child][RunMessage] Error: Channel closing: too late to send/recv, messages will be lost


###!!! [Child][MessageChannel::SendAndWait] Error: Channel error: cannot send/recv

1600181350172	mozrunner::runner	INFO	Running command: "C:\\Program Files\\Mozilla Firefox\\firefox.exe" "-marionette" "-foreground" "-no-remote" "-profile" "C:\\Users\\Ryan\\AppData\\Local\\Temp\\rust_mozprofileAACsSj"
JavaScript error: resource://gre/modules/XULStore.jsm, line 66: Error: Can't find profile directory.
console.error: SearchCache: "_readCacheFile: Error reading cache file:" (new Error("", "(unknown module)"))
1600181351584	Marionette	INFO	Listening on port 61085
1600181351717	Marionette	WARN	TLS certificate errors will be ignored for this session
1600181377324	Marionette	INFO	Stopped listening on port 61085

###!!! [Child][RunMessage] Error: Channel closing: too late to send/recv, messages will be lost


###!!! [Child][MessageChannel::SendAndWait] Error: Channel error: cannot send/recv

1600960336532	mozrunner::runner	INFO	Running command: "C:\\Program Files\\Mozilla Firefox\\firefox.exe" "-marionette" "-foreground" "-no-remote" "-profile" "C:\\Users\\Ryan\\AppData\\Local\\Temp\\rust_mozprofiletpzl2n"
JavaScript error: resource://gre/modules/XULStore.jsm, line 66: Error: Can't find profile directory.
console.error: SearchCache: "_readCacheFile: Error reading cache file:" (new Error("", "(unknown module)"))
1600960338189	Marionette	INFO	Listening on port 50422
1600960338561	Marionette	WARN	TLS certificate errors will be ignored for this session
JavaScript error: https://www.gstatic.com/mysidia/40b83293e978f3384c7d4517a94e2061.js?tag=video_mra/web_fig_och, line 177: SecurityError: The operation is insecure.
1600960346148	Marionette	INFO	Stopped listening on port 50422

###!!! [Child][RunMessage] Error: Channel closing: too late to send/recv, messages will be lost


###!!! [Child][MessageChannel::SendAndWait] Error: Channel error: cannot send/recv

1600960514300	mozrunner::runner	INFO	Running command: "C:\\Program Files\\Mozilla Firefox\\firefox.exe" "-marionette" "-foreground" "-no-remote" "-profile" "C:\\Users\\Ryan\\AppData\\Local\\Temp\\rust_mozprofileD6WiKv"
JavaScript error: resource://gre/modules/XULStore.jsm, line 66: Error: Can't find profile directory.
console.error: SearchCache: "_readCacheFile: Error reading cache file:" (new Error("", "(unknown module)"))
1600960515766	Marionette	INFO	Listening on port 50561
1600960515824	Marionette	WARN	TLS certificate errors will be ignored for this session
JavaScript error: https://www.gstatic.com/mysidia/40b83293e978f3384c7d4517a94e2061.js?tag=video_mra/web_fig_och, line 177: SecurityError: The operation is insecure.
1600960520674	Marionette	INFO	Stopped listening on port 50561

###!!! [Child][RunMessage] Error: Channel closing: too late to send/recv, messages will be lost


###!!! [Child][MessageChannel::SendAndWait] Error: Channel error: cannot send/recv

1600960535737	mozrunner::runner	INFO	Running command: "C:\\Program Files\\Mozilla Firefox\\firefox.exe" "-marionette" "-foreground" "-no-remote" "-profile" "C:\\Users\\Ryan\\AppData\\Local\\Temp\\rust_mozprofileAZVQNm"
JavaScript error: resource://gre/modules/XULStore.jsm, line 66: Error: Can't find profile directory.
console.error: SearchCache: "_readCacheFile: Error reading cache file:" (new Error("", "(unknown module)"))
1600960537179	Marionette	INFO	Listening on port 50638
1600960537253	Marionette	WARN	TLS certificate errors will be ignored for this session
JavaScript error: https://www.gstatic.com/mysidia/40b83293e978f3384c7d4517a94e2061.js?tag=video_mra/web_fig_och, line 177: SecurityError: The operation is insecure.
JavaScript error: https://www.gstatic.com/mysidia/40b83293e978f3384c7d4517a94e2061.js?tag=video_mra/web_fig_och, line 177: SecurityError: The operation is insecure.
1600960542939	Marionette	INFO	Stopped listening on port 50638

###!!! [Child][RunMessage] Error: Channel closing: too late to send/recv, messages will be lost


###!!! [Child][MessageChannel::SendAndWait] Error: Channel error: cannot send/recv

1600960591902	mozrunner::runner	INFO	Running command: "C:\\Program Files\\Mozilla Firefox\\firefox.exe" "-marionette" "-foreground" "-no-remote" "-profile" "C:\\Users\\Ryan\\AppData\\Local\\Temp\\rust_mozprofile7wVSSS"
JavaScript error: resource://gre/modules/XULStore.jsm, line 66: Error: Can't find profile directory.
console.error: SearchCache: "_readCacheFile: Error reading cache file:" (new Error("", "(unknown module)"))
1600960593420	Marionette	INFO	Listening on port 50724
1600960593436	Marionette	WARN	TLS certificate errors will be ignored for this session
1600960599205	Marionette	INFO	Stopped listening on port 50724

###!!! [Child][RunMessage] Error: Channel closing: too late to send/recv, messages will be lost


###!!! [Child][MessageChannel::SendAndWait] Error: Channel error: cannot send/recv

1600962176613	mozrunner::runner	INFO	Running command: "C:\\Program Files\\Mozilla Firefox\\firefox.exe" "-marionette" "-foreground" "-no-remote" "-profile" "C:\\Users\\Ryan\\AppData\\Local\\Temp\\rust_mozprofile0or7Xl"
JavaScript error: resource://gre/modules/XULStore.jsm, line 66: Error: Can't find profile directory.
console.error: SearchCache: "_readCacheFile: Error reading cache file:" (new Error("", "(unknown module)"))
1600962178006	Marionette	INFO	Listening on port 51513
1600962178154	Marionette	WARN	TLS certificate errors will be ignored for this session
JavaScript error: https://www.gstatic.com/mysidia/40b83293e978f3384c7d4517a94e2061.js?tag=video_mra/web_fig_och, line 177: SecurityError: The operation is insecure.
JavaScript error: https://www.gstatic.com/mysidia/40b83293e978f3384c7d4517a94e2061.js?tag=video_mra/web_fig_och, line 177: SecurityError: The operation is insecure.
1600962196835	Marionette	INFO	Stopped listening on port 51513

###!!! [Child][RunMessage] Error: Channel closing: too late to send/recv, messages will be lost


###!!! [Child][MessageChannel::SendAndWait] Error: Channel error: cannot send/recv

1600962238002	mozrunner::runner	INFO	Running command: "C:\\Program Files\\Mozilla Firefox\\firefox.exe" "-marionette" "-foreground" "-no-remote" "-profile" "C:\\Users\\Ryan\\AppData\\Local\\Temp\\rust_mozprofileQ8KZsx"
JavaScript error: resource://gre/modules/XULStore.jsm, line 66: Error: Can't find profile directory.
console.error: SearchCache: "_readCacheFile: Error reading cache file:" (new Error("", "(unknown module)"))
1600962239451	Marionette	INFO	Listening on port 51607
1600962239545	Marionette	WARN	TLS certificate errors will be ignored for this session
JavaScript error: https://www.gstatic.com/mysidia/40b83293e978f3384c7d4517a94e2061.js?tag=video_mra/web_fig_och, line 177: SecurityError: The operation is insecure.
JavaScript error: https://www.gstatic.com/mysidia/40b83293e978f3384c7d4517a94e2061.js?tag=video_mra/web_fig_och, line 177: SecurityError: The operation is insecure.
1600962244925	Marionette	INFO	Stopped listening on port 51607

###!!! [Child][MessageChannel::SendAndWait] Error: Channel error: cannot send/recv

1600962250028	mozrunner::runner	INFO	Running command: "C:\\Program Files\\Mozilla Firefox\\firefox.exe" "-marionette" "-foreground" "-no-remote" "-profile" "C:\\Users\\Ryan\\AppData\\Local\\Temp\\rust_mozprofileZ7KT7l"
JavaScript error: resource://gre/modules/XULStore.jsm, line 66: Error: Can't find profile directory.
console.error: SearchCache: "_readCacheFile: Error reading cache file:" (new Error("", "(unknown module)"))
1600962251516	Marionette	INFO	Listening on port 51690
1600962251579	Marionette	WARN	TLS certificate errors will be ignored for this session
JavaScript error: https://www.gstatic.com/mysidia/40b83293e978f3384c7d4517a94e2061.js?tag=video_mra/web_fig_och, line 177: SecurityError: The operation is insecure.
JavaScript error: https://www.gstatic.com/mysidia/40b83293e978f3384c7d4517a94e2061.js?tag=video_mra/web_fig_och, line 177: SecurityError: The operation is insecure.
1600962262658	Marionette	INFO	Stopped listening on port 51690

###!!! [Child][RunMessage] Error: Channel closing: too late to send/recv, messages will be lost


###!!! [Child][MessageChannel::SendAndWait] Error: Channel error: cannot send/recv

1600962457141	mozrunner::runner	INFO	Running command: "C:\\Program Files\\Mozilla Firefox\\firefox.exe" "-marionette" "-foreground" "-no-remote" "-profile" "C:\\Users\\Ryan\\AppData\\Local\\Temp\\rust_mozprofileuupfpW"
JavaScript error: resource://gre/modules/XULStore.jsm, line 66: Error: Can't find profile directory.
console.error: SearchCache: "_readCacheFile: Error reading cache file:" (new Error("", "(unknown module)"))
1600962458535	Marionette	INFO	Listening on port 51827
1600962458673	Marionette	WARN	TLS certificate errors will be ignored for this session
JavaScript error: https://www.gstatic.com/mysidia/40b83293e978f3384c7d4517a94e2061.js?tag=video_mra/web_fig_och, line 177: SecurityError: The operation is insecure.
JavaScript error: https://www.gstatic.com/mysidia/40b83293e978f3384c7d4517a94e2061.js?tag=video_mra/web_fig_och, line 177: SecurityError: The operation is insecure.
1600962474437	Marionette	INFO	Stopped listening on port 51827

###!!! [Child][RunMessage] Error: Channel closing: too late to send/recv, messages will be lost


###!!! [Child][MessageChannel::SendAndWait] Error: Channel error: cannot send/recv

1600962500733	mozrunner::runner	INFO	Running command: "C:\\Program Files\\Mozilla Firefox\\firefox.exe" "-marionette" "-foreground" "-no-remote" "-profile" "C:\\Users\\Ryan\\AppData\\Local\\Temp\\rust_mozprofileL0WfJS"
JavaScript error: resource://gre/modules/XULStore.jsm, line 66: Error: Can't find profile directory.
console.error: SearchCache: "_readCacheFile: Error reading cache file:" (new Error("", "(unknown module)"))
1600962502128	Marionette	INFO	Listening on port 51919
1600962502265	Marionette	WARN	TLS certificate errors will be ignored for this session
JavaScript error: https://www.gstatic.com/mysidia/40b83293e978f3384c7d4517a94e2061.js?tag=video_mra/web_fig_och, line 177: SecurityError: The operation is insecure.
1600962509158	Marionette	INFO	Stopped listening on port 51919

###!!! [Child][RunMessage] Error: Channel closing: too late to send/recv, messages will be lost


###!!! [Child][MessageChannel::SendAndWait] Error: Channel error: cannot send/recv

1600962621096	mozrunner::runner	INFO	Running command: "C:\\Program Files\\Mozilla Firefox\\firefox.exe" "-marionette" "-foreground" "-no-remote" "-profile" "C:\\Users\\Ryan\\AppData\\Local\\Temp\\rust_mozprofilenWwFyU"
JavaScript error: resource://gre/modules/XULStore.jsm, line 66: Error: Can't find profile directory.
console.error: SearchCache: "_readCacheFile: Error reading cache file:" (new Error("", "(unknown module)"))
1600962622499	Marionette	INFO	Listening on port 52013
1600962622632	Marionette	WARN	TLS certificate errors will be ignored for this session
JavaScript error: https://www.gstatic.com/mysidia/40b83293e978f3384c7d4517a94e2061.js?tag=video_mra/web_fig_och, line 177: SecurityError: The operation is insecure.
1600962724564	Marionette	INFO	Stopped listening on port 52013

###!!! [Child][RunMessage] Error: Channel closing: too late to send/recv, messages will be lost


###!!! [Child][MessageChannel::SendAndWait] Error: Channel error: cannot send/recv

1600962740265	mozrunner::runner	INFO	Running command: "C:\\Program Files\\Mozilla Firefox\\firefox.exe" "-marionette" "-foreground" "-no-remote" "-profile" "C:\\Users\\Ryan\\AppData\\Local\\Temp\\rust_mozprofilezKQyjX"
JavaScript error: resource://gre/modules/XULStore.jsm, line 66: Error: Can't find profile directory.
console.error: SearchCache: "_readCacheFile: Error reading cache file:" (new Error("", "(unknown module)"))
1600962741794	Marionette	INFO	Listening on port 52101
1600962741815	Marionette	WARN	TLS certificate errors will be ignored for this session
JavaScript error: https://www.gstatic.com/mysidia/40b83293e978f3384c7d4517a94e2061.js?tag=video_mra/web_fig_och, line 177: SecurityError: The operation is insecure.
1600962755932	Marionette	INFO	Stopped listening on port 52101

###!!! [Child][RunMessage] Error: Channel closing: too late to send/recv, messages will be lost


###!!! [Child][MessageChannel::SendAndWait] Error: Channel error: cannot send/recv

1600962788730	mozrunner::runner	INFO	Running command: "C:\\Program Files\\Mozilla Firefox\\firefox.exe" "-marionette" "-foreground" "-no-remote" "-profile" "C:\\Users\\Ryan\\AppData\\Local\\Temp\\rust_mozprofileNq7NrW"
JavaScript error: resource://gre/modules/XULStore.jsm, line 66: Error: Can't find profile directory.
console.error: SearchCache: "_readCacheFile: Error reading cache file:" (new Error("", "(unknown module)"))
1600962790087	Marionette	INFO	Listening on port 52185
1600962790260	Marionette	WARN	TLS certificate errors will be ignored for this session
JavaScript error: https://www.gstatic.com/mysidia/40b83293e978f3384c7d4517a94e2061.js?tag=video_mra/web_fig_och, line 177: SecurityError: The operation is insecure.
JavaScript error: https://www.gstatic.com/mysidia/40b83293e978f3384c7d4517a94e2061.js?tag=video_mra/web_fig_och, line 177: SecurityError: The operation is insecure.
1600962796640	Marionette	INFO	Stopped listening on port 52185

###!!! [Child][RunMessage] Error: Channel closing: too late to send/recv, messages will be lost


###!!! [Child][MessageChannel::SendAndWait] Error: Channel error: cannot send/recv

